0 info it worked if it ends with ok
1 verbose cli [ 'C:\\Program Files\\nodejs\\node.exe',
1 verbose cli   'C:\\Program Files\\nodejs\\node_modules\\npm\\bin\\npm-cli.js',
1 verbose cli   'install',
1 verbose cli   'angular-ui-bootstrap' ]
2 info using npm@2.15.9
3 info using node@v4.5.0
4 verbose install initial load of C:\Users\Mallory\bloc\bloc-chat\package.json
5 verbose installManyTop reading scoped package data from C:\Users\Mallory\bloc\bloc-chat\node_modules\connect-modrewrite\package.json
6 verbose installManyTop reading scoped package data from C:\Users\Mallory\bloc\bloc-chat\node_modules\es5-shim\package.json
7 verbose installManyTop reading scoped package data from C:\Users\Mallory\bloc\bloc-chat\node_modules\grunt\package.json
8 verbose installManyTop reading scoped package data from C:\Users\Mallory\bloc\bloc-chat\node_modules\grunt-cli\package.json
9 verbose installManyTop reading scoped package data from C:\Users\Mallory\bloc\bloc-chat\node_modules\grunt-contrib-clean\package.json
10 verbose installManyTop reading scoped package data from C:\Users\Mallory\bloc\bloc-chat\node_modules\grunt-contrib-copy\package.json
11 verbose installManyTop reading scoped package data from C:\Users\Mallory\bloc\bloc-chat\node_modules\grunt-contrib-watch\package.json
12 verbose installManyTop reading scoped package data from C:\Users\Mallory\bloc\bloc-chat\node_modules\grunt-hapi\package.json
13 verbose installManyTop reading scoped package data from C:\Users\Mallory\bloc\bloc-chat\node_modules\hapi\package.json
14 verbose installManyTop reading scoped package data from C:\Users\Mallory\bloc\bloc-chat\node_modules\path\package.json
15 info package.json grunt-contrib-copy@0.5.0 No license field.
16 info package.json grunt-contrib-clean@0.6.0 No license field.
17 info package.json grunt-contrib-watch@0.6.1 No license field.
18 info package.json hapi@7.5.3 No license field.
19 info package.json grunt-hapi@0.8.1 No license field.
20 info package.json path@0.4.10 path is also the name of a node core module.
21 info package.json grunt-cli@0.1.13 No license field.
22 info package.json connect-modrewrite@0.7.12 No license field.
23 verbose readDependencies loading dependencies from C:\Users\Mallory\bloc\bloc-chat\package.json
24 silly cache add args [ 'angular-ui-bootstrap', null ]
25 verbose cache add spec angular-ui-bootstrap
26 silly cache add parsed spec Result {
26 silly cache add   raw: 'angular-ui-bootstrap',
26 silly cache add   scope: null,
26 silly cache add   name: 'angular-ui-bootstrap',
26 silly cache add   rawSpec: '',
26 silly cache add   spec: 'latest',
26 silly cache add   type: 'tag' }
27 silly addNamed angular-ui-bootstrap@latest
28 verbose addNamed "latest" is being treated as a dist-tag for angular-ui-bootstrap
29 info addNameTag [ 'angular-ui-bootstrap', 'latest' ]
30 silly mapToRegistry name angular-ui-bootstrap
31 silly mapToRegistry using default registry
32 silly mapToRegistry registry https://registry.npmjs.org/
33 silly mapToRegistry data Result {
33 silly mapToRegistry   raw: 'angular-ui-bootstrap',
33 silly mapToRegistry   scope: null,
33 silly mapToRegistry   name: 'angular-ui-bootstrap',
33 silly mapToRegistry   rawSpec: '',
33 silly mapToRegistry   spec: 'latest',
33 silly mapToRegistry   type: 'tag' }
34 silly mapToRegistry uri https://registry.npmjs.org/angular-ui-bootstrap
35 verbose addNameTag registry:https://registry.npmjs.org/angular-ui-bootstrap not in flight; fetching
36 verbose request uri https://registry.npmjs.org/angular-ui-bootstrap
37 verbose request no auth needed
38 info attempt registry request try #1 at 9:33:26 AM
39 verbose request id d92ab4fd51754eb3
40 http request GET https://registry.npmjs.org/angular-ui-bootstrap
41 http 200 https://registry.npmjs.org/angular-ui-bootstrap
42 verbose headers { server: 'CouchDB/1.6.1 (Erlang OTP/R16B03)',
42 verbose headers   etag: '"6FW1M20I238B2OCW6KEHS9GE4"',
42 verbose headers   'content-type': 'application/json',
42 verbose headers   'content-encoding': 'gzip',
42 verbose headers   'cache-control': 'max-age=300',
42 verbose headers   'content-length': '10149',
42 verbose headers   'accept-ranges': 'bytes',
42 verbose headers   date: 'Sat, 15 Oct 2016 16:33:30 GMT',
42 verbose headers   via: '1.1 varnish',
42 verbose headers   age: '0',
42 verbose headers   connection: 'keep-alive',
42 verbose headers   'x-served-by': 'cache-lax8646-LAX',
42 verbose headers   'x-cache': 'HIT',
42 verbose headers   'x-cache-hits': '1',
42 verbose headers   'x-timer': 'S1476549210.003396,VS0,VE94',
42 verbose headers   vary: 'Accept-Encoding' }
43 silly get cb [ 200,
43 silly get   { server: 'CouchDB/1.6.1 (Erlang OTP/R16B03)',
43 silly get     etag: '"6FW1M20I238B2OCW6KEHS9GE4"',
43 silly get     'content-type': 'application/json',
43 silly get     'content-encoding': 'gzip',
43 silly get     'cache-control': 'max-age=300',
43 silly get     'content-length': '10149',
43 silly get     'accept-ranges': 'bytes',
43 silly get     date: 'Sat, 15 Oct 2016 16:33:30 GMT',
43 silly get     via: '1.1 varnish',
43 silly get     age: '0',
43 silly get     connection: 'keep-alive',
43 silly get     'x-served-by': 'cache-lax8646-LAX',
43 silly get     'x-cache': 'HIT',
43 silly get     'x-cache-hits': '1',
43 silly get     'x-timer': 'S1476549210.003396,VS0,VE94',
43 silly get     vary: 'Accept-Encoding' } ]
44 verbose get saving angular-ui-bootstrap to C:\Users\Mallory\AppData\Roaming\npm-cache\registry.npmjs.org\angular-ui-bootstrap\.cache.json
45 verbose correctMkdir C:\Users\Mallory\AppData\Roaming\npm-cache correctMkdir not in flight; initializing
46 silly addNameTag next cb for angular-ui-bootstrap with tag latest
47 silly addNamed angular-ui-bootstrap@2.2.0
48 verbose addNamed "2.2.0" is a plain semver version for angular-ui-bootstrap
49 silly mapToRegistry name angular-ui-bootstrap
50 silly mapToRegistry using default registry
51 silly mapToRegistry registry https://registry.npmjs.org/
52 silly mapToRegistry data Result {
52 silly mapToRegistry   raw: 'angular-ui-bootstrap',
52 silly mapToRegistry   scope: null,
52 silly mapToRegistry   name: 'angular-ui-bootstrap',
52 silly mapToRegistry   rawSpec: '',
52 silly mapToRegistry   spec: 'latest',
52 silly mapToRegistry   type: 'tag' }
53 silly mapToRegistry uri https://registry.npmjs.org/angular-ui-bootstrap
54 verbose addRemoteTarball https://registry.npmjs.org/angular-ui-bootstrap/-/angular-ui-bootstrap-2.2.0.tgz not in flight; adding
55 verbose addRemoteTarball [ 'https://registry.npmjs.org/angular-ui-bootstrap/-/angular-ui-bootstrap-2.2.0.tgz',
55 verbose addRemoteTarball   '90ed79a6208fe6072331635cca124b2ca7b0c7e0' ]
56 info retry fetch attempt 1 at 9:33:26 AM
57 info attempt registry request try #1 at 9:33:26 AM
58 http fetch GET https://registry.npmjs.org/angular-ui-bootstrap/-/angular-ui-bootstrap-2.2.0.tgz
59 http fetch 200 https://registry.npmjs.org/angular-ui-bootstrap/-/angular-ui-bootstrap-2.2.0.tgz
60 silly fetchAndShaCheck shasum 90ed79a6208fe6072331635cca124b2ca7b0c7e0
61 verbose addTmpTarball C:\Users\Mallory\AppData\Local\Temp\npm-6184-54e3c4e0\registry.npmjs.org\angular-ui-bootstrap\-\angular-ui-bootstrap-2.2.0.tgz not in flight; adding
62 verbose addTmpTarball already have metadata; skipping unpack for angular-ui-bootstrap@2.2.0
63 verbose correctMkdir C:\Users\Mallory\AppData\Roaming\npm-cache correctMkdir not in flight; initializing
64 silly cache afterAdd angular-ui-bootstrap@2.2.0
65 verbose afterAdd C:\Users\Mallory\AppData\Roaming\npm-cache\angular-ui-bootstrap\2.2.0\package\package.json not in flight; writing
66 verbose correctMkdir C:\Users\Mallory\AppData\Roaming\npm-cache correctMkdir not in flight; initializing
67 verbose afterAdd C:\Users\Mallory\AppData\Roaming\npm-cache\angular-ui-bootstrap\2.2.0\package\package.json written
68 silly install resolved [ { author: { name: 'https://github.com/angular-ui/bootstrap/graphs/contributors' },
68 silly install resolved     name: 'angular-ui-bootstrap',
68 silly install resolved     version: '2.2.0',
68 silly install resolved     homepage: 'http://angular-ui.github.io/bootstrap/',
68 silly install resolved     dependencies: {},
68 silly install resolved     directories: { lib: 'src/' },
68 silly install resolved     files: [ 'index.js', 'dist/', 'src/', 'template/' ],
68 silly install resolved     main: 'index.js',
68 silly install resolved     scripts:
68 silly install resolved      { demo: 'grunt after-test && static dist -a 0.0.0.0 -H \'{"Cache-Control": "no-cache, must-revalidate"}\'',
68 silly install resolved        test: 'grunt' },
68 silly install resolved     repository:
68 silly install resolved      { type: 'git',
68 silly install resolved        url: 'git+https://github.com/angular-ui/bootstrap.git' },
68 silly install resolved     devDependencies:
68 silly install resolved      { angular: '1.5.8',
68 silly install resolved        'angular-mocks': '1.5.8',
68 silly install resolved        'angular-sanitize': '1.5.8',
68 silly install resolved        grunt: '^0.4.5',
68 silly install resolved        'grunt-cli': '^1.2.0',
68 silly install resolved        'grunt-contrib-concat': '^1.0.0',
68 silly install resolved        'grunt-contrib-copy': '^1.0.0',
68 silly install resolved        'grunt-contrib-uglify': '^1.0.1',
68 silly install resolved        'grunt-contrib-watch': '^1.0.0',
68 silly install resolved        'grunt-conventional-changelog': '^6.1.0',
68 silly install resolved        'grunt-ddescribe-iit': '0.0.6',
68 silly install resolved        'grunt-eslint': '^17.3.1',
68 silly install resolved        'grunt-html2js': '^0.3.0',
68 silly install resolved        'grunt-karma': '^0.12.0',
68 silly install resolved        'jasmine-core': '^2.2.0',
68 silly install resolved        karma: '0.13.22',
68 silly install resolved        'karma-chrome-launcher': '^0.2.0',
68 silly install resolved        'karma-coverage': '^0.5.0',
68 silly install resolved        'karma-firefox-launcher': '^0.1.4',
68 silly install resolved        'karma-jasmine': '^0.3.5',
68 silly install resolved        'load-grunt-tasks': '^3.3.0',
68 silly install resolved        lodash: '^4.1.0',
68 silly install resolved        marked: '^0.3.5',
68 silly install resolved        'node-static': '^0.7.8',
68 silly install resolved        semver: '^5.0.1',
68 silly install resolved        shelljs: '^0.6.0' },
68 silly install resolved     license: 'MIT',
68 silly install resolved     gitHead: '25db68e903825cb6eec496a2b8897c8afa0c3cf7',
68 silly install resolved     description: '[![Gitter](https://badges.gitter.im/Join%20Chat.svg)](https://gitter.im/angular-ui/bootstrap?utm_source=badge&utm_medium=badge&utm_campaign=pr-badge&utm_content=badge) [![Build Status](https://secure.travis-ci.org/angular-ui/bootstrap.svg)](http://travis-',
68 silly install resolved     bugs: { url: 'https://github.com/angular-ui/bootstrap/issues' },
68 silly install resolved     _id: 'angular-ui-bootstrap@2.2.0',
68 silly install resolved     _shasum: '90ed79a6208fe6072331635cca124b2ca7b0c7e0',
68 silly install resolved     _from: 'angular-ui-bootstrap@latest',
68 silly install resolved     _npmVersion: '3.10.6',
68 silly install resolved     _nodeVersion: '4.5.0',
68 silly install resolved     _npmUser: { name: 'wesleycho', email: 'wesley.cho@gmail.com' },
68 silly install resolved     dist:
68 silly install resolved      { shasum: '90ed79a6208fe6072331635cca124b2ca7b0c7e0',
68 silly install resolved        tarball: 'https://registry.npmjs.org/angular-ui-bootstrap/-/angular-ui-bootstrap-2.2.0.tgz' },
68 silly install resolved     maintainers: [ [Object], [Object] ],
68 silly install resolved     _npmOperationalInternal:
68 silly install resolved      { host: 'packages-16-east.internal.npmjs.com',
68 silly install resolved        tmp: 'tmp/angular-ui-bootstrap-2.2.0.tgz_1476113391033_0.3393834054004401' },
68 silly install resolved     _resolved: 'https://registry.npmjs.org/angular-ui-bootstrap/-/angular-ui-bootstrap-2.2.0.tgz' } ]
69 info install angular-ui-bootstrap@2.2.0 into C:\Users\Mallory\bloc\bloc-chat
70 info installOne angular-ui-bootstrap@2.2.0
71 verbose installOne of angular-ui-bootstrap to C:\Users\Mallory\bloc\bloc-chat not in flight; installing
72 verbose correctMkdir C:\Users\Mallory\AppData\Roaming\npm-cache\_locks correctMkdir not in flight; initializing
73 verbose lock using C:\Users\Mallory\AppData\Roaming\npm-cache\_locks\angular-ui-bootstrap-271403625983a591.lock for C:\Users\Mallory\bloc\bloc-chat\node_modules\angular-ui-bootstrap
74 silly install write writing angular-ui-bootstrap 2.2.0 to C:\Users\Mallory\bloc\bloc-chat\node_modules\angular-ui-bootstrap
75 verbose unbuild node_modules\angular-ui-bootstrap
76 silly gentlyRm C:\Users\Mallory\bloc\bloc-chat\node_modules\angular-ui-bootstrap is being purged from base C:\Users\Mallory\bloc\bloc-chat
77 verbose gentlyRm don't care about contents; nuking C:\Users\Mallory\bloc\bloc-chat\node_modules\angular-ui-bootstrap
78 verbose tar unpack C:\Users\Mallory\AppData\Roaming\npm-cache\angular-ui-bootstrap\2.2.0\package.tgz
79 verbose tar unpacking to C:\Users\Mallory\bloc\bloc-chat\node_modules\angular-ui-bootstrap
80 silly gentlyRm C:\Users\Mallory\bloc\bloc-chat\node_modules\angular-ui-bootstrap is being purged
81 verbose gentlyRm don't care about contents; nuking C:\Users\Mallory\bloc\bloc-chat\node_modules\angular-ui-bootstrap
82 silly gunzTarPerm modes [ '777', '666' ]
83 silly gunzTarPerm extractEntry package.json
84 silly gunzTarPerm modified mode [ 'package.json', 420, 438 ]
85 silly gunzTarPerm extractEntry README.md
86 silly gunzTarPerm modified mode [ 'README.md', 420, 438 ]
87 silly gunzTarPerm extractEntry LICENSE
88 silly gunzTarPerm modified mode [ 'LICENSE', 420, 438 ]
89 silly gunzTarPerm extractEntry index.js
90 silly gunzTarPerm modified mode [ 'index.js', 420, 438 ]
91 silly gunzTarPerm extractEntry CHANGELOG.md
92 silly gunzTarPerm modified mode [ 'CHANGELOG.md', 420, 438 ]
93 silly gunzTarPerm extractEntry dist/ui-bootstrap-tpls.js
94 silly gunzTarPerm modified mode [ 'dist/ui-bootstrap-tpls.js', 420, 438 ]
95 silly gunzTarPerm extractEntry dist/ui-bootstrap.js
96 silly gunzTarPerm modified mode [ 'dist/ui-bootstrap.js', 420, 438 ]
97 silly gunzTarPerm extractEntry dist/ui-bootstrap-csp.css
98 silly gunzTarPerm modified mode [ 'dist/ui-bootstrap-csp.css', 420, 438 ]
99 silly gunzTarPerm extractEntry src/pager/index.js
100 silly gunzTarPerm modified mode [ 'src/pager/index.js', 420, 438 ]
101 silly gunzTarPerm extractEntry src/pager/pager.js
102 silly gunzTarPerm modified mode [ 'src/pager/pager.js', 420, 438 ]
103 silly gunzTarPerm extractEntry src/pager/docs/demo.js
104 silly gunzTarPerm modified mode [ 'src/pager/docs/demo.js', 420, 438 ]
105 silly gunzTarPerm extractEntry src/pager/docs/demo.html
106 silly gunzTarPerm modified mode [ 'src/pager/docs/demo.html', 420, 438 ]
107 silly gunzTarPerm extractEntry src/pager/docs/readme.md
108 silly gunzTarPerm modified mode [ 'src/pager/docs/readme.md', 420, 438 ]
109 silly gunzTarPerm extractEntry src/pager/test/pager.spec.js
110 silly gunzTarPerm modified mode [ 'src/pager/test/pager.spec.js', 420, 438 ]
111 silly gunzTarPerm extractEntry src/accordion/accordion.js
112 silly gunzTarPerm modified mode [ 'src/accordion/accordion.js', 420, 438 ]
113 silly gunzTarPerm extractEntry src/accordion/index.js
114 silly gunzTarPerm modified mode [ 'src/accordion/index.js', 420, 438 ]
115 silly gunzTarPerm extractEntry src/accordion/docs/demo.js
116 silly gunzTarPerm modified mode [ 'src/accordion/docs/demo.js', 420, 438 ]
117 silly gunzTarPerm extractEntry src/accordion/docs/demo.html
118 silly gunzTarPerm modified mode [ 'src/accordion/docs/demo.html', 420, 438 ]
119 silly gunzTarPerm extractEntry src/accordion/docs/readme.md
120 silly gunzTarPerm modified mode [ 'src/accordion/docs/readme.md', 420, 438 ]
121 silly gunzTarPerm extractEntry src/accordion/test/accordion.spec.js
122 silly gunzTarPerm modified mode [ 'src/accordion/test/accordion.spec.js', 420, 438 ]
123 silly gunzTarPerm extractEntry src/buttons/buttons.js
124 silly gunzTarPerm modified mode [ 'src/buttons/buttons.js', 420, 438 ]
125 silly gunzTarPerm extractEntry src/buttons/index.js
126 silly gunzTarPerm modified mode [ 'src/buttons/index.js', 420, 438 ]
127 silly gunzTarPerm extractEntry src/buttons/docs/demo.js
128 silly gunzTarPerm modified mode [ 'src/buttons/docs/demo.js', 420, 438 ]
129 silly gunzTarPerm extractEntry src/buttons/docs/demo.html
130 silly gunzTarPerm modified mode [ 'src/buttons/docs/demo.html', 420, 438 ]
131 silly gunzTarPerm extractEntry src/buttons/docs/readme.md
132 silly gunzTarPerm modified mode [ 'src/buttons/docs/readme.md', 420, 438 ]
133 silly gunzTarPerm extractEntry src/buttons/test/buttons.spec.js
134 silly gunzTarPerm modified mode [ 'src/buttons/test/buttons.spec.js', 420, 438 ]
135 silly gunzTarPerm extractEntry src/carousel/carousel.js
136 silly gunzTarPerm modified mode [ 'src/carousel/carousel.js', 420, 438 ]
137 silly gunzTarPerm extractEntry src/carousel/index-nocss.js
138 silly gunzTarPerm modified mode [ 'src/carousel/index-nocss.js', 420, 438 ]
139 silly gunzTarPerm extractEntry src/carousel/index.js
140 silly gunzTarPerm modified mode [ 'src/carousel/index.js', 420, 438 ]
141 silly gunzTarPerm extractEntry src/carousel/carousel.css
142 silly gunzTarPerm modified mode [ 'src/carousel/carousel.css', 420, 438 ]
143 silly gunzTarPerm extractEntry src/carousel/docs/README.md
144 silly gunzTarPerm modified mode [ 'src/carousel/docs/README.md', 420, 438 ]
145 silly gunzTarPerm extractEntry src/carousel/docs/demo.js
146 silly gunzTarPerm modified mode [ 'src/carousel/docs/demo.js', 420, 438 ]
147 silly gunzTarPerm extractEntry src/carousel/docs/demo.html
148 silly gunzTarPerm modified mode [ 'src/carousel/docs/demo.html', 420, 438 ]
149 silly gunzTarPerm extractEntry src/carousel/test/carousel.spec.js
150 silly gunzTarPerm modified mode [ 'src/carousel/test/carousel.spec.js', 420, 438 ]
151 silly gunzTarPerm extractEntry src/collapse/collapse.js
152 silly gunzTarPerm modified mode [ 'src/collapse/collapse.js', 420, 438 ]
153 silly gunzTarPerm extractEntry src/collapse/index.js
154 silly gunzTarPerm modified mode [ 'src/collapse/index.js', 420, 438 ]
155 silly gunzTarPerm extractEntry src/collapse/docs/demo.js
156 silly gunzTarPerm modified mode [ 'src/collapse/docs/demo.js', 420, 438 ]
157 silly gunzTarPerm extractEntry src/collapse/docs/demo.html
158 silly gunzTarPerm modified mode [ 'src/collapse/docs/demo.html', 420, 438 ]
159 silly gunzTarPerm extractEntry src/collapse/docs/readme.md
160 silly gunzTarPerm modified mode [ 'src/collapse/docs/readme.md', 420, 438 ]
161 silly gunzTarPerm extractEntry src/collapse/test/collapse.spec.js
162 silly gunzTarPerm modified mode [ 'src/collapse/test/collapse.spec.js', 420, 438 ]
163 silly gunzTarPerm extractEntry src/collapse/test/collapseHorizontally.spec.js
164 silly gunzTarPerm modified mode [ 'src/collapse/test/collapseHorizontally.spec.js', 420, 438 ]
165 silly gunzTarPerm extractEntry src/dateparser/dateparser.js
166 silly gunzTarPerm modified mode [ 'src/dateparser/dateparser.js', 420, 438 ]
167 silly gunzTarPerm extractEntry src/dateparser/index.js
168 silly gunzTarPerm modified mode [ 'src/dateparser/index.js', 420, 438 ]
169 silly gunzTarPerm extractEntry src/dateparser/docs/README.md
170 silly gunzTarPerm modified mode [ 'src/dateparser/docs/README.md', 420, 438 ]
171 silly gunzTarPerm extractEntry src/dateparser/docs/demo.js
172 silly gunzTarPerm modified mode [ 'src/dateparser/docs/demo.js', 420, 438 ]
173 silly gunzTarPerm extractEntry src/dateparser/docs/demo.html
174 silly gunzTarPerm modified mode [ 'src/dateparser/docs/demo.html', 420, 438 ]
175 silly gunzTarPerm extractEntry src/dateparser/test/dateparser.spec.js
176 silly gunzTarPerm modified mode [ 'src/dateparser/test/dateparser.spec.js', 420, 438 ]
177 silly gunzTarPerm extractEntry src/datepicker/datepicker.js
178 silly gunzTarPerm modified mode [ 'src/datepicker/datepicker.js', 420, 438 ]
179 silly gunzTarPerm extractEntry src/datepicker/index-nocss.js
180 silly gunzTarPerm modified mode [ 'src/datepicker/index-nocss.js', 420, 438 ]
181 silly gunzTarPerm extractEntry src/datepicker/index.js
182 silly gunzTarPerm modified mode [ 'src/datepicker/index.js', 420, 438 ]
183 silly gunzTarPerm extractEntry src/datepicker/datepicker.css
184 silly gunzTarPerm modified mode [ 'src/datepicker/datepicker.css', 420, 438 ]
185 silly gunzTarPerm extractEntry src/datepicker/docs/demo.js
186 silly gunzTarPerm modified mode [ 'src/datepicker/docs/demo.js', 420, 438 ]
187 silly gunzTarPerm extractEntry src/datepicker/docs/demo.html
188 silly gunzTarPerm modified mode [ 'src/datepicker/docs/demo.html', 420, 438 ]
189 silly gunzTarPerm extractEntry src/datepicker/docs/readme.md
190 silly gunzTarPerm modified mode [ 'src/datepicker/docs/readme.md', 420, 438 ]
191 silly gunzTarPerm extractEntry src/datepicker/test/datepicker.spec.js
192 silly gunzTarPerm modified mode [ 'src/datepicker/test/datepicker.spec.js', 420, 438 ]
193 silly gunzTarPerm extractEntry src/datepickerPopup/index-nocss.js
194 silly gunzTarPerm modified mode [ 'src/datepickerPopup/index-nocss.js', 420, 438 ]
195 silly gunzTarPerm extractEntry src/datepickerPopup/index.js
196 silly gunzTarPerm modified mode [ 'src/datepickerPopup/index.js', 420, 438 ]
197 silly gunzTarPerm extractEntry src/datepickerPopup/popup.js
198 silly gunzTarPerm modified mode [ 'src/datepickerPopup/popup.js', 420, 438 ]
199 silly gunzTarPerm extractEntry src/datepickerPopup/docs/demo.js
200 silly gunzTarPerm modified mode [ 'src/datepickerPopup/docs/demo.js', 420, 438 ]
201 silly gunzTarPerm extractEntry src/datepickerPopup/docs/demo.html
202 silly gunzTarPerm modified mode [ 'src/datepickerPopup/docs/demo.html', 420, 438 ]
203 silly gunzTarPerm extractEntry src/datepickerPopup/docs/readme.md
204 silly gunzTarPerm modified mode [ 'src/datepickerPopup/docs/readme.md', 420, 438 ]
205 silly gunzTarPerm extractEntry src/datepickerPopup/popup.css
206 silly gunzTarPerm modified mode [ 'src/datepickerPopup/popup.css', 420, 438 ]
207 silly gunzTarPerm extractEntry src/datepickerPopup/test/popup.spec.js
208 silly gunzTarPerm modified mode [ 'src/datepickerPopup/test/popup.spec.js', 420, 438 ]
209 silly gunzTarPerm extractEntry src/debounce/debounce.js
210 silly gunzTarPerm modified mode [ 'src/debounce/debounce.js', 420, 438 ]
211 silly gunzTarPerm extractEntry src/debounce/index.js
212 silly gunzTarPerm modified mode [ 'src/debounce/index.js', 420, 438 ]
213 silly gunzTarPerm extractEntry src/debounce/test/debounce.spec.js
214 silly gunzTarPerm modified mode [ 'src/debounce/test/debounce.spec.js', 420, 438 ]
215 silly gunzTarPerm extractEntry src/dropdown/dropdown.js
216 silly gunzTarPerm modified mode [ 'src/dropdown/dropdown.js', 420, 438 ]
217 silly gunzTarPerm extractEntry src/dropdown/index-nocss.js
218 silly gunzTarPerm modified mode [ 'src/dropdown/index-nocss.js', 420, 438 ]
219 silly gunzTarPerm extractEntry src/dropdown/index.js
220 silly gunzTarPerm modified mode [ 'src/dropdown/index.js', 420, 438 ]
221 silly gunzTarPerm extractEntry src/dropdown/docs/demo.js
222 silly gunzTarPerm modified mode [ 'src/dropdown/docs/demo.js', 420, 438 ]
223 silly gunzTarPerm extractEntry src/dropdown/docs/demo.html
224 silly gunzTarPerm modified mode [ 'src/dropdown/docs/demo.html', 420, 438 ]
225 silly gunzTarPerm extractEntry src/dropdown/docs/readme.md
226 silly gunzTarPerm modified mode [ 'src/dropdown/docs/readme.md', 420, 438 ]
227 silly gunzTarPerm extractEntry src/dropdown/test/dropdown.spec.js
228 silly gunzTarPerm modified mode [ 'src/dropdown/test/dropdown.spec.js', 420, 438 ]
229 silly gunzTarPerm extractEntry src/isClass/index.js
230 silly gunzTarPerm modified mode [ 'src/isClass/index.js', 420, 438 ]
231 silly gunzTarPerm extractEntry src/isClass/isClass.js
232 silly gunzTarPerm modified mode [ 'src/isClass/isClass.js', 420, 438 ]
233 silly gunzTarPerm extractEntry src/isClass/test/isClass.spec.js
234 silly gunzTarPerm modified mode [ 'src/isClass/test/isClass.spec.js', 420, 438 ]
235 silly gunzTarPerm extractEntry src/modal/index-nocss.js
236 silly gunzTarPerm modified mode [ 'src/modal/index-nocss.js', 420, 438 ]
237 silly gunzTarPerm extractEntry src/modal/index.js
238 silly gunzTarPerm modified mode [ 'src/modal/index.js', 420, 438 ]
239 silly gunzTarPerm extractEntry src/modal/modal.js
240 silly gunzTarPerm modified mode [ 'src/modal/modal.js', 420, 438 ]
241 silly gunzTarPerm extractEntry src/modal/docs/demo.js
242 silly gunzTarPerm modified mode [ 'src/modal/docs/demo.js', 420, 438 ]
243 silly gunzTarPerm extractEntry src/modal/docs/demo.html
244 silly gunzTarPerm modified mode [ 'src/modal/docs/demo.html', 420, 438 ]
245 silly gunzTarPerm extractEntry src/modal/docs/readme.md
246 silly gunzTarPerm modified mode [ 'src/modal/docs/readme.md', 420, 438 ]
247 silly gunzTarPerm extractEntry src/modal/test/modal.spec.js
248 silly gunzTarPerm modified mode [ 'src/modal/test/modal.spec.js', 420, 438 ]
249 silly gunzTarPerm extractEntry src/modal/test/multiMap.spec.js
250 silly gunzTarPerm modified mode [ 'src/modal/test/multiMap.spec.js', 420, 438 ]
251 silly gunzTarPerm extractEntry src/alert/alert.js
252 silly gunzTarPerm modified mode [ 'src/alert/alert.js', 420, 438 ]
253 silly gunzTarPerm extractEntry src/alert/index.js
254 silly gunzTarPerm modified mode [ 'src/alert/index.js', 420, 438 ]
255 silly gunzTarPerm extractEntry src/alert/docs/demo.js
256 silly gunzTarPerm modified mode [ 'src/alert/docs/demo.js', 420, 438 ]
257 silly gunzTarPerm extractEntry src/alert/docs/demo.html
258 silly gunzTarPerm modified mode [ 'src/alert/docs/demo.html', 420, 438 ]
259 silly gunzTarPerm extractEntry src/alert/docs/readme.md
260 silly gunzTarPerm modified mode [ 'src/alert/docs/readme.md', 420, 438 ]
261 silly gunzTarPerm extractEntry src/alert/test/alert.spec.js
262 silly gunzTarPerm modified mode [ 'src/alert/test/alert.spec.js', 420, 438 ]
263 silly gunzTarPerm extractEntry src/pagination/index.js
264 silly gunzTarPerm modified mode [ 'src/pagination/index.js', 420, 438 ]
265 silly gunzTarPerm extractEntry src/pagination/pagination.js
266 silly gunzTarPerm modified mode [ 'src/pagination/pagination.js', 420, 438 ]
267 silly gunzTarPerm extractEntry src/pagination/docs/demo.js
268 silly gunzTarPerm modified mode [ 'src/pagination/docs/demo.js', 420, 438 ]
269 silly gunzTarPerm extractEntry src/pagination/docs/demo.html
270 silly gunzTarPerm modified mode [ 'src/pagination/docs/demo.html', 420, 438 ]
271 silly gunzTarPerm extractEntry src/pagination/docs/readme.md
272 silly gunzTarPerm modified mode [ 'src/pagination/docs/readme.md', 420, 438 ]
273 silly gunzTarPerm extractEntry src/pagination/test/pagination.spec.js
274 silly gunzTarPerm modified mode [ 'src/pagination/test/pagination.spec.js', 420, 438 ]
275 silly gunzTarPerm extractEntry src/paging/index.js
276 silly gunzTarPerm modified mode [ 'src/paging/index.js', 420, 438 ]
277 silly gunzTarPerm extractEntry src/paging/paging.js
278 silly gunzTarPerm modified mode [ 'src/paging/paging.js', 420, 438 ]
279 silly gunzTarPerm extractEntry src/paging/test/paging.spec.js
280 silly gunzTarPerm modified mode [ 'src/paging/test/paging.spec.js', 420, 438 ]
281 silly gunzTarPerm extractEntry src/popover/index-nocss.js
282 silly gunzTarPerm modified mode [ 'src/popover/index-nocss.js', 420, 438 ]
283 silly gunzTarPerm extractEntry src/popover/index.js
284 silly gunzTarPerm modified mode [ 'src/popover/index.js', 420, 438 ]
285 silly gunzTarPerm extractEntry src/popover/popover.js
286 silly gunzTarPerm modified mode [ 'src/popover/popover.js', 420, 438 ]
287 silly gunzTarPerm extractEntry src/popover/docs/demo.js
288 silly gunzTarPerm modified mode [ 'src/popover/docs/demo.js', 420, 438 ]
289 silly gunzTarPerm extractEntry src/popover/docs/demo.html
290 silly gunzTarPerm modified mode [ 'src/popover/docs/demo.html', 420, 438 ]
291 silly gunzTarPerm extractEntry src/popover/docs/readme.md
292 silly gunzTarPerm modified mode [ 'src/popover/docs/readme.md', 420, 438 ]
293 silly gunzTarPerm extractEntry src/popover/test/popover-html.spec.js
294 silly gunzTarPerm modified mode [ 'src/popover/test/popover-html.spec.js', 420, 438 ]
295 silly gunzTarPerm extractEntry src/popover/test/popover-template.spec.js
296 silly gunzTarPerm modified mode [ 'src/popover/test/popover-template.spec.js', 420, 438 ]
297 silly gunzTarPerm extractEntry src/popover/test/popover.spec.js
298 silly gunzTarPerm modified mode [ 'src/popover/test/popover.spec.js', 420, 438 ]
299 silly gunzTarPerm extractEntry src/position/index-nocss.js
300 silly gunzTarPerm modified mode [ 'src/position/index-nocss.js', 420, 438 ]
301 silly gunzTarPerm extractEntry src/position/index.js
302 silly gunzTarPerm modified mode [ 'src/position/index.js', 420, 438 ]
303 silly gunzTarPerm extractEntry src/position/position.js
304 silly gunzTarPerm modified mode [ 'src/position/position.js', 420, 438 ]
305 silly gunzTarPerm extractEntry src/position/docs/demo.js
306 silly gunzTarPerm modified mode [ 'src/position/docs/demo.js', 420, 438 ]
307 silly gunzTarPerm extractEntry src/position/docs/demo.html
308 silly gunzTarPerm modified mode [ 'src/position/docs/demo.html', 420, 438 ]
309 silly gunzTarPerm extractEntry src/position/docs/readme.md
310 silly gunzTarPerm modified mode [ 'src/position/docs/readme.md', 420, 438 ]
311 silly gunzTarPerm extractEntry src/position/position.css
312 silly gunzTarPerm modified mode [ 'src/position/position.css', 420, 438 ]
313 silly gunzTarPerm extractEntry src/position/test/position.spec.js
314 silly gunzTarPerm modified mode [ 'src/position/test/position.spec.js', 420, 438 ]
315 silly gunzTarPerm extractEntry src/position/test/test.html
316 silly gunzTarPerm modified mode [ 'src/position/test/test.html', 420, 438 ]
317 silly gunzTarPerm extractEntry src/progressbar/index.js
318 silly gunzTarPerm modified mode [ 'src/progressbar/index.js', 420, 438 ]
319 silly gunzTarPerm extractEntry src/progressbar/progressbar.js
320 silly gunzTarPerm modified mode [ 'src/progressbar/progressbar.js', 420, 438 ]
321 silly gunzTarPerm extractEntry src/progressbar/docs/demo.js
322 silly gunzTarPerm modified mode [ 'src/progressbar/docs/demo.js', 420, 438 ]
323 silly gunzTarPerm extractEntry src/progressbar/docs/demo.html
324 silly gunzTarPerm modified mode [ 'src/progressbar/docs/demo.html', 420, 438 ]
325 silly gunzTarPerm extractEntry src/progressbar/docs/readme.md
326 silly gunzTarPerm modified mode [ 'src/progressbar/docs/readme.md', 420, 438 ]
327 silly gunzTarPerm extractEntry src/progressbar/test/progressbar.spec.js
328 silly gunzTarPerm modified mode [ 'src/progressbar/test/progressbar.spec.js', 420, 438 ]
329 silly gunzTarPerm extractEntry src/rating/index.js
330 silly gunzTarPerm modified mode [ 'src/rating/index.js', 420, 438 ]
331 silly gunzTarPerm extractEntry src/rating/rating.js
332 silly gunzTarPerm modified mode [ 'src/rating/rating.js', 420, 438 ]
333 silly gunzTarPerm extractEntry src/rating/docs/demo.js
334 silly gunzTarPerm modified mode [ 'src/rating/docs/demo.js', 420, 438 ]
335 silly gunzTarPerm extractEntry src/rating/docs/demo.html
336 silly gunzTarPerm modified mode [ 'src/rating/docs/demo.html', 420, 438 ]
337 silly gunzTarPerm extractEntry src/rating/docs/readme.md
338 silly gunzTarPerm modified mode [ 'src/rating/docs/readme.md', 420, 438 ]
339 silly gunzTarPerm extractEntry src/rating/test/rating.spec.js
340 silly gunzTarPerm modified mode [ 'src/rating/test/rating.spec.js', 420, 438 ]
341 silly gunzTarPerm extractEntry src/stackedMap/index.js
342 silly gunzTarPerm modified mode [ 'src/stackedMap/index.js', 420, 438 ]
343 silly gunzTarPerm extractEntry src/stackedMap/stackedMap.js
344 silly gunzTarPerm modified mode [ 'src/stackedMap/stackedMap.js', 420, 438 ]
345 silly gunzTarPerm extractEntry src/stackedMap/test/stackedMap.spec.js
346 silly gunzTarPerm modified mode [ 'src/stackedMap/test/stackedMap.spec.js', 420, 438 ]
347 silly gunzTarPerm extractEntry src/tabindex/index.js
348 silly gunzTarPerm modified mode [ 'src/tabindex/index.js', 420, 438 ]
349 silly gunzTarPerm extractEntry src/tabindex/tabindex.js
350 silly gunzTarPerm modified mode [ 'src/tabindex/tabindex.js', 420, 438 ]
351 silly gunzTarPerm extractEntry src/tabindex/test/tabindex.spec.js
352 silly gunzTarPerm modified mode [ 'src/tabindex/test/tabindex.spec.js', 420, 438 ]
353 silly gunzTarPerm extractEntry src/tabs/index.js
354 silly gunzTarPerm modified mode [ 'src/tabs/index.js', 420, 438 ]
355 silly gunzTarPerm extractEntry src/tabs/tabs.js
356 silly gunzTarPerm modified mode [ 'src/tabs/tabs.js', 420, 438 ]
357 silly gunzTarPerm extractEntry src/tabs/docs/demo.js
358 silly gunzTarPerm modified mode [ 'src/tabs/docs/demo.js', 420, 438 ]
359 silly gunzTarPerm extractEntry src/tabs/docs/demo.html
360 silly gunzTarPerm modified mode [ 'src/tabs/docs/demo.html', 420, 438 ]
361 silly gunzTarPerm extractEntry src/tabs/docs/readme.md
362 silly gunzTarPerm modified mode [ 'src/tabs/docs/readme.md', 420, 438 ]
363 silly gunzTarPerm extractEntry src/tabs/test/tabs.spec.js
364 silly gunzTarPerm modified mode [ 'src/tabs/test/tabs.spec.js', 420, 438 ]
365 silly gunzTarPerm extractEntry src/timepicker/index-nocss.js
366 silly gunzTarPerm modified mode [ 'src/timepicker/index-nocss.js', 420, 438 ]
367 silly gunzTarPerm extractEntry src/timepicker/index.js
368 silly gunzTarPerm modified mode [ 'src/timepicker/index.js', 420, 438 ]
369 silly gunzTarPerm extractEntry src/timepicker/timepicker.js
370 silly gunzTarPerm modified mode [ 'src/timepicker/timepicker.js', 420, 438 ]
371 silly gunzTarPerm extractEntry src/timepicker/docs/demo.js
372 silly gunzTarPerm modified mode [ 'src/timepicker/docs/demo.js', 420, 438 ]
373 silly gunzTarPerm extractEntry src/timepicker/docs/demo.html
374 silly gunzTarPerm modified mode [ 'src/timepicker/docs/demo.html', 420, 438 ]
375 silly gunzTarPerm extractEntry src/timepicker/docs/readme.md
376 silly gunzTarPerm modified mode [ 'src/timepicker/docs/readme.md', 420, 438 ]
377 silly gunzTarPerm extractEntry src/timepicker/test/timepicker.spec.js
378 silly gunzTarPerm modified mode [ 'src/timepicker/test/timepicker.spec.js', 420, 438 ]
379 silly gunzTarPerm extractEntry src/timepicker/timepicker.css
380 silly gunzTarPerm modified mode [ 'src/timepicker/timepicker.css', 420, 438 ]
381 silly gunzTarPerm extractEntry src/tooltip/index-nocss.js
382 silly gunzTarPerm modified mode [ 'src/tooltip/index-nocss.js', 420, 438 ]
383 silly gunzTarPerm extractEntry src/tooltip/index.js
384 silly gunzTarPerm modified mode [ 'src/tooltip/index.js', 420, 438 ]
385 silly gunzTarPerm extractEntry src/tooltip/tooltip.js
386 silly gunzTarPerm modified mode [ 'src/tooltip/tooltip.js', 420, 438 ]
387 silly gunzTarPerm extractEntry src/tooltip/docs/demo.js
388 silly gunzTarPerm modified mode [ 'src/tooltip/docs/demo.js', 420, 438 ]
389 silly gunzTarPerm extractEntry src/tooltip/docs/demo.html
390 silly gunzTarPerm modified mode [ 'src/tooltip/docs/demo.html', 420, 438 ]
391 silly gunzTarPerm extractEntry src/tooltip/docs/readme.md
392 silly gunzTarPerm modified mode [ 'src/tooltip/docs/readme.md', 420, 438 ]
393 silly gunzTarPerm extractEntry src/tooltip/test/tooltip-template.spec.js
394 silly gunzTarPerm modified mode [ 'src/tooltip/test/tooltip-template.spec.js', 420, 438 ]
395 silly gunzTarPerm extractEntry src/tooltip/test/tooltip.spec.js
396 silly gunzTarPerm modified mode [ 'src/tooltip/test/tooltip.spec.js', 420, 438 ]
397 silly gunzTarPerm extractEntry src/tooltip/test/tooltip2.spec.js
398 silly gunzTarPerm modified mode [ 'src/tooltip/test/tooltip2.spec.js', 420, 438 ]
399 silly gunzTarPerm extractEntry src/tooltip/tooltip.css
400 silly gunzTarPerm modified mode [ 'src/tooltip/tooltip.css', 420, 438 ]
401 silly gunzTarPerm extractEntry src/typeahead/index-nocss.js
402 silly gunzTarPerm modified mode [ 'src/typeahead/index-nocss.js', 420, 438 ]
403 silly gunzTarPerm extractEntry src/typeahead/index.js
404 silly gunzTarPerm modified mode [ 'src/typeahead/index.js', 420, 438 ]
405 silly gunzTarPerm extractEntry src/typeahead/typeahead.js
406 silly gunzTarPerm modified mode [ 'src/typeahead/typeahead.js', 420, 438 ]
407 silly gunzTarPerm extractEntry src/typeahead/docs/demo.js
408 silly gunzTarPerm modified mode [ 'src/typeahead/docs/demo.js', 420, 438 ]
409 silly gunzTarPerm extractEntry src/typeahead/docs/demo.html
410 silly gunzTarPerm modified mode [ 'src/typeahead/docs/demo.html', 420, 438 ]
411 silly gunzTarPerm extractEntry src/typeahead/docs/readme.md
412 silly gunzTarPerm modified mode [ 'src/typeahead/docs/readme.md', 420, 438 ]
413 silly gunzTarPerm extractEntry src/typeahead/test/typeahead-highlight-ngsanitize.spec.js
414 silly gunzTarPerm modified mode [ 'src/typeahead/test/typeahead-highlight-ngsanitize.spec.js',
414 silly gunzTarPerm   420,
414 silly gunzTarPerm   438 ]
415 silly gunzTarPerm extractEntry src/typeahead/test/typeahead-highlight.spec.js
416 silly gunzTarPerm modified mode [ 'src/typeahead/test/typeahead-highlight.spec.js', 420, 438 ]
417 silly gunzTarPerm extractEntry src/typeahead/test/typeahead-parser.spec.js
418 silly gunzTarPerm modified mode [ 'src/typeahead/test/typeahead-parser.spec.js', 420, 438 ]
419 silly gunzTarPerm extractEntry src/typeahead/test/typeahead-popup.spec.js
420 silly gunzTarPerm modified mode [ 'src/typeahead/test/typeahead-popup.spec.js', 420, 438 ]
421 silly gunzTarPerm extractEntry src/typeahead/test/typeahead.spec.js
422 silly gunzTarPerm modified mode [ 'src/typeahead/test/typeahead.spec.js', 420, 438 ]
423 silly gunzTarPerm extractEntry src/typeahead/typeahead.css
424 silly gunzTarPerm modified mode [ 'src/typeahead/typeahead.css', 420, 438 ]
425 silly gunzTarPerm extractEntry template/pagination/pagination.html.js
426 silly gunzTarPerm modified mode [ 'template/pagination/pagination.html.js', 420, 438 ]
427 silly gunzTarPerm extractEntry template/pagination/pagination.html
428 silly gunzTarPerm modified mode [ 'template/pagination/pagination.html', 420, 438 ]
429 silly gunzTarPerm extractEntry template/accordion/accordion-group.html.js
430 silly gunzTarPerm modified mode [ 'template/accordion/accordion-group.html.js', 420, 438 ]
431 silly gunzTarPerm extractEntry template/accordion/accordion.html.js
432 silly gunzTarPerm modified mode [ 'template/accordion/accordion.html.js', 420, 438 ]
433 silly gunzTarPerm extractEntry template/accordion/accordion-group.html
434 silly gunzTarPerm modified mode [ 'template/accordion/accordion-group.html', 420, 438 ]
435 silly gunzTarPerm extractEntry template/accordion/accordion.html
436 silly gunzTarPerm modified mode [ 'template/accordion/accordion.html', 420, 438 ]
437 silly gunzTarPerm extractEntry template/carousel/carousel.html.js
438 silly gunzTarPerm modified mode [ 'template/carousel/carousel.html.js', 420, 438 ]
439 silly gunzTarPerm extractEntry template/carousel/slide.html.js
440 silly gunzTarPerm modified mode [ 'template/carousel/slide.html.js', 420, 438 ]
441 silly gunzTarPerm extractEntry template/carousel/carousel.html
442 silly gunzTarPerm modified mode [ 'template/carousel/carousel.html', 420, 438 ]
443 silly gunzTarPerm extractEntry template/carousel/slide.html
444 silly gunzTarPerm modified mode [ 'template/carousel/slide.html', 420, 438 ]
445 silly gunzTarPerm extractEntry template/datepicker/datepicker.html.js
446 silly gunzTarPerm modified mode [ 'template/datepicker/datepicker.html.js', 420, 438 ]
447 silly gunzTarPerm extractEntry template/datepicker/day.html.js
448 silly gunzTarPerm modified mode [ 'template/datepicker/day.html.js', 420, 438 ]
449 silly gunzTarPerm extractEntry template/datepicker/month.html.js
450 silly gunzTarPerm modified mode [ 'template/datepicker/month.html.js', 420, 438 ]
451 silly gunzTarPerm extractEntry template/datepicker/year.html.js
452 silly gunzTarPerm modified mode [ 'template/datepicker/year.html.js', 420, 438 ]
453 silly gunzTarPerm extractEntry template/datepicker/datepicker.html
454 silly gunzTarPerm modified mode [ 'template/datepicker/datepicker.html', 420, 438 ]
455 silly gunzTarPerm extractEntry template/datepicker/day.html
456 silly gunzTarPerm modified mode [ 'template/datepicker/day.html', 420, 438 ]
457 silly gunzTarPerm extractEntry template/datepicker/month.html
458 silly gunzTarPerm modified mode [ 'template/datepicker/month.html', 420, 438 ]
459 silly gunzTarPerm extractEntry template/datepicker/year.html
460 silly gunzTarPerm modified mode [ 'template/datepicker/year.html', 420, 438 ]
461 silly gunzTarPerm extractEntry template/datepickerPopup/popup.html.js
462 silly gunzTarPerm modified mode [ 'template/datepickerPopup/popup.html.js', 420, 438 ]
463 silly gunzTarPerm extractEntry template/datepickerPopup/popup.html
464 silly gunzTarPerm modified mode [ 'template/datepickerPopup/popup.html', 420, 438 ]
465 silly gunzTarPerm extractEntry template/modal/window.html.js
466 silly gunzTarPerm modified mode [ 'template/modal/window.html.js', 420, 438 ]
467 silly gunzTarPerm extractEntry template/modal/window.html
468 silly gunzTarPerm modified mode [ 'template/modal/window.html', 420, 438 ]
469 silly gunzTarPerm extractEntry template/pager/pager.html.js
470 silly gunzTarPerm modified mode [ 'template/pager/pager.html.js', 420, 438 ]
471 silly gunzTarPerm extractEntry template/pager/pager.html
472 silly gunzTarPerm modified mode [ 'template/pager/pager.html', 420, 438 ]
473 silly gunzTarPerm extractEntry template/alert/alert.html.js
474 silly gunzTarPerm modified mode [ 'template/alert/alert.html.js', 420, 438 ]
475 silly gunzTarPerm extractEntry template/alert/alert.html
476 silly gunzTarPerm modified mode [ 'template/alert/alert.html', 420, 438 ]
477 silly gunzTarPerm extractEntry template/popover/popover-html.html.js
478 silly gunzTarPerm modified mode [ 'template/popover/popover-html.html.js', 420, 438 ]
479 silly gunzTarPerm extractEntry template/popover/popover-template.html.js
480 silly gunzTarPerm modified mode [ 'template/popover/popover-template.html.js', 420, 438 ]
481 silly gunzTarPerm extractEntry template/popover/popover.html.js
482 silly gunzTarPerm modified mode [ 'template/popover/popover.html.js', 420, 438 ]
483 silly gunzTarPerm extractEntry template/popover/popover-html.html
484 silly gunzTarPerm modified mode [ 'template/popover/popover-html.html', 420, 438 ]
485 silly gunzTarPerm extractEntry template/popover/popover-template.html
486 silly gunzTarPerm modified mode [ 'template/popover/popover-template.html', 420, 438 ]
487 silly gunzTarPerm extractEntry template/popover/popover.html
488 silly gunzTarPerm modified mode [ 'template/popover/popover.html', 420, 438 ]
489 silly gunzTarPerm extractEntry template/progressbar/bar.html.js
490 silly gunzTarPerm modified mode [ 'template/progressbar/bar.html.js', 420, 438 ]
491 silly gunzTarPerm extractEntry template/progressbar/progress.html.js
492 silly gunzTarPerm modified mode [ 'template/progressbar/progress.html.js', 420, 438 ]
493 silly gunzTarPerm extractEntry template/progressbar/progressbar.html.js
494 silly gunzTarPerm modified mode [ 'template/progressbar/progressbar.html.js', 420, 438 ]
495 silly gunzTarPerm extractEntry template/progressbar/bar.html
496 silly gunzTarPerm modified mode [ 'template/progressbar/bar.html', 420, 438 ]
497 silly gunzTarPerm extractEntry template/progressbar/progress.html
498 silly gunzTarPerm modified mode [ 'template/progressbar/progress.html', 420, 438 ]
499 silly gunzTarPerm extractEntry template/progressbar/progressbar.html
500 silly gunzTarPerm modified mode [ 'template/progressbar/progressbar.html', 420, 438 ]
501 silly gunzTarPerm extractEntry template/rating/rating.html.js
502 silly gunzTarPerm modified mode [ 'template/rating/rating.html.js', 420, 438 ]
503 silly gunzTarPerm extractEntry template/rating/rating.html
504 silly gunzTarPerm modified mode [ 'template/rating/rating.html', 420, 438 ]
505 silly gunzTarPerm extractEntry template/tabs/tab.html.js
506 silly gunzTarPerm modified mode [ 'template/tabs/tab.html.js', 420, 438 ]
507 silly gunzTarPerm extractEntry template/tabs/tabset.html.js
508 silly gunzTarPerm modified mode [ 'template/tabs/tabset.html.js', 420, 438 ]
509 silly gunzTarPerm extractEntry template/tabs/tab.html
510 silly gunzTarPerm modified mode [ 'template/tabs/tab.html', 420, 438 ]
511 silly gunzTarPerm extractEntry template/tabs/tabset.html
512 silly gunzTarPerm modified mode [ 'template/tabs/tabset.html', 420, 438 ]
513 silly gunzTarPerm extractEntry template/timepicker/timepicker.html.js
514 silly gunzTarPerm modified mode [ 'template/timepicker/timepicker.html.js', 420, 438 ]
515 silly gunzTarPerm extractEntry template/timepicker/timepicker.html
516 silly gunzTarPerm modified mode [ 'template/timepicker/timepicker.html', 420, 438 ]
517 silly gunzTarPerm extractEntry template/tooltip/tooltip-html-popup.html.js
518 silly gunzTarPerm modified mode [ 'template/tooltip/tooltip-html-popup.html.js', 420, 438 ]
519 silly gunzTarPerm extractEntry template/tooltip/tooltip-popup.html.js
520 silly gunzTarPerm modified mode [ 'template/tooltip/tooltip-popup.html.js', 420, 438 ]
521 silly gunzTarPerm extractEntry template/tooltip/tooltip-template-popup.html.js
522 silly gunzTarPerm modified mode [ 'template/tooltip/tooltip-template-popup.html.js', 420, 438 ]
523 silly gunzTarPerm extractEntry template/tooltip/tooltip-html-popup.html
524 silly gunzTarPerm modified mode [ 'template/tooltip/tooltip-html-popup.html', 420, 438 ]
525 silly gunzTarPerm extractEntry template/tooltip/tooltip-popup.html
526 silly gunzTarPerm modified mode [ 'template/tooltip/tooltip-popup.html', 420, 438 ]
527 silly gunzTarPerm extractEntry template/tooltip/tooltip-template-popup.html
528 silly gunzTarPerm modified mode [ 'template/tooltip/tooltip-template-popup.html', 420, 438 ]
529 silly gunzTarPerm extractEntry template/typeahead/typeahead-match.html.js
530 silly gunzTarPerm modified mode [ 'template/typeahead/typeahead-match.html.js', 420, 438 ]
531 silly gunzTarPerm extractEntry template/typeahead/typeahead-popup.html.js
532 silly gunzTarPerm modified mode [ 'template/typeahead/typeahead-popup.html.js', 420, 438 ]
533 silly gunzTarPerm extractEntry template/typeahead/typeahead-match.html
534 silly gunzTarPerm modified mode [ 'template/typeahead/typeahead-match.html', 420, 438 ]
535 silly gunzTarPerm extractEntry template/typeahead/typeahead-popup.html
536 silly gunzTarPerm modified mode [ 'template/typeahead/typeahead-popup.html', 420, 438 ]
537 verbose write writing to C:\Users\Mallory\bloc\bloc-chat\node_modules\angular-ui-bootstrap\package.json
538 info preinstall angular-ui-bootstrap@2.2.0
539 verbose readDependencies loading dependencies from C:\Users\Mallory\bloc\bloc-chat\node_modules\angular-ui-bootstrap\package.json
540 verbose readDependencies loading dependencies from C:\Users\Mallory\bloc\bloc-chat\node_modules\angular-ui-bootstrap\package.json
541 silly install resolved []
542 verbose about to build C:\Users\Mallory\bloc\bloc-chat\node_modules\angular-ui-bootstrap
543 info build C:\Users\Mallory\bloc\bloc-chat\node_modules\angular-ui-bootstrap
544 info linkStuff angular-ui-bootstrap@2.2.0
545 silly linkStuff angular-ui-bootstrap@2.2.0 has C:\Users\Mallory\bloc\bloc-chat\node_modules as its parent node_modules
546 verbose linkBins angular-ui-bootstrap@2.2.0
547 verbose linkMans angular-ui-bootstrap@2.2.0
548 verbose rebuildBundles angular-ui-bootstrap@2.2.0
549 info install angular-ui-bootstrap@2.2.0
550 info postinstall angular-ui-bootstrap@2.2.0
551 verbose unlock done using C:\Users\Mallory\AppData\Roaming\npm-cache\_locks\angular-ui-bootstrap-271403625983a591.lock for C:\Users\Mallory\bloc\bloc-chat\node_modules\angular-ui-bootstrap
552 verbose validateInstall loading C:\Users\Mallory\bloc\bloc-chat\package.json for validation
553 verbose stack Error: The package grunt@1.0.1 does not satisfy its siblings' peerDependencies requirements!
553 verbose stack     at C:\Program Files\nodejs\node_modules\npm\lib\install.js:125:32
553 verbose stack     at C:\Program Files\nodejs\node_modules\npm\lib\install.js:268:7
553 verbose stack     at C:\Program Files\nodejs\node_modules\npm\node_modules\read-installed\read-installed.js:142:5
553 verbose stack     at C:\Program Files\nodejs\node_modules\npm\node_modules\read-installed\read-installed.js:263:14
553 verbose stack     at cb (C:\Program Files\nodejs\node_modules\npm\node_modules\slide\lib\async-map.js:47:24)
553 verbose stack     at C:\Program Files\nodejs\node_modules\npm\node_modules\read-installed\read-installed.js:263:14
553 verbose stack     at cb (C:\Program Files\nodejs\node_modules\npm\node_modules\slide\lib\async-map.js:47:24)
553 verbose stack     at C:\Program Files\nodejs\node_modules\npm\node_modules\read-installed\read-installed.js:263:14
553 verbose stack     at cb (C:\Program Files\nodejs\node_modules\npm\node_modules\slide\lib\async-map.js:47:24)
553 verbose stack     at C:\Program Files\nodejs\node_modules\npm\node_modules\read-installed\read-installed.js:263:14
554 verbose cwd C:\Users\Mallory\bloc\bloc-chat
555 error Windows_NT 10.0.14393
556 error argv "C:\\Program Files\\nodejs\\node.exe" "C:\\Program Files\\nodejs\\node_modules\\npm\\bin\\npm-cli.js" "install" "angular-ui-bootstrap"
557 error node v4.5.0
558 error npm  v2.15.9
559 error code EPEERINVALID
560 error peerinvalid The package grunt@1.0.1 does not satisfy its siblings' peerDependencies requirements!
560 error peerinvalid Peer grunt-contrib-copy@0.5.0 wants grunt@~0.4.0
560 error peerinvalid Peer grunt-hapi@0.8.1 wants grunt@~0.4.5
560 error peerinvalid Peer grunt-contrib-clean@0.6.0 wants grunt@~0.4.0
560 error peerinvalid Peer grunt-contrib-watch@0.6.1 wants grunt@~0.4.0
561 verbose exit [ 1, true ]
